<?xml version="1.0" encoding="UTF-8"?>
<testng-results ignored="0" total="2" passed="2" failed="0" skipped="0">
  <reporter-output>
  </reporter-output>
  <suite started-at="2022-09-13T12:54:48 PDT" name="Default suite" finished-at="2022-09-13T12:54:54 PDT" duration-ms="6006">
    <groups>
    </groups>
    <test started-at="2022-09-13T12:54:48 PDT" name="Default test" finished-at="2022-09-13T12:54:54 PDT" duration-ms="6006">
      <class name="DataDrivenRESTASSURED.PostDDT">
        <test-method is-config="true" signature="setup()[pri:0, instance:DataDrivenRESTASSURED.PostDDT@657c8ad9]" started-at="2022-09-13T12:54:48 PDT" name="setup" finished-at="2022-09-13T12:54:48 PDT" duration-ms="228" status="PASS">
          <reporter-output>
          </reporter-output>
        </test-method> <!-- setup -->
        <test-method signature="testpostddt(java.lang.String, java.lang.String)[pri:0, instance:DataDrivenRESTASSURED.PostDDT@657c8ad9]" started-at="2022-09-13T12:54:49 PDT" name="testpostddt" data-provider="postddt" finished-at="2022-09-13T12:54:54 PDT" duration-ms="4115" status="PASS">
          <params>
            <param index="0">
              <value>
                <![CDATA[Adam]]>
              </value>
            </param>
            <param index="1">
              <value>
                <![CDATA[QA]]>
              </value>
            </param>
          </params>
          <reporter-output>
          </reporter-output>
        </test-method> <!-- testpostddt -->
        <test-method signature="testpostddt(java.lang.String, java.lang.String)[pri:0, instance:DataDrivenRESTASSURED.PostDDT@657c8ad9]" started-at="2022-09-13T12:54:54 PDT" name="testpostddt" data-provider="postddt" finished-at="2022-09-13T12:54:54 PDT" duration-ms="497" status="PASS">
          <params>
            <param index="0">
              <value>
                <![CDATA[David]]>
              </value>
            </param>
            <param index="1">
              <value>
                <![CDATA[PL]]>
              </value>
            </param>
          </params>
          <reporter-output>
          </reporter-output>
        </test-method> <!-- testpostddt -->
      </class> <!-- DataDrivenRESTASSURED.PostDDT -->
    </test> <!-- Default test -->
  </suite> <!-- Default suite -->
</testng-results>
